
P A U P *
Version 4.0a (build 159) for Unix/Linux (built on Nov 17 2017 at 11:35:17)
Tue Jan 30 10:25:33 2018

        -----------------------------NOTICE-----------------------------
          This is an alpha-test version that is still changing rapidly.
          It will expire on 1 Apr 2018.
        
          Please report bugs to dave@phylosolutions.com
        ----------------------------------------------------------------


paup> outgroup 1-2

Outgroup status changed:
  2 taxa transferred to outgroup
  Total number of taxa now in outgroup = 2
  Number of ingroup taxa = 18

paup> set outroot=mono

paup> bootstrap [bootstrap options] [/hsearch options]

Bootstrap method with heuristic search:
  Number of bootstrap replicates = 100
  Starting seed = generated automatically
  Number of characters resampled in each replicate = 382
  Optimality criterion = parsimony
    Character-status summary:
      Of 382 total characters:
        All characters are of type 'unord'
        All characters have equal weight
        198 characters are constant
        61 variable characters are parsimony-uninformative
        Number of parsimony-informative characters = 123
    Gaps are treated as "missing"
  Starting tree(s) obtained via stepwise addition
    Addition sequence: simple (reference taxon = Platypus)
    Number of trees held at each step = 1
  Branch-swapping algorithm: tree-bisection-reconnection (TBR) with reconnection limit = 8
    Steepest descent option not in effect
  Initial 'Maxtrees' setting = 100
  Branches collapsed (creating polytomies) if maximum branch length is zero
  'MulTrees' option in effect
  No topological constraints in effect
  Trees are unrooted

  100 bootstrap replicates completed
  Time used = 0.82 sec (CPU time = 0.83 sec)

Bootstrap 50% majority-rule consensus tree

                                                        /---------------------------- Platypus(1)
/-------------------------------------------------------+
|                                                       \---------------------------- Echidna(2)
|
|                                                       /---------------------------- Opossum(3)
|                                                       |
|                           /------------97-------------+---------------------------- Wallaby(4)
|                           |                           |
99                          |                           \---------------------------- Bandicoot(5)
|                           |
|                           |                           /---------------------------- Elephant(6)
|                           |                           |
|                           |                           +---------------------------- Aardvark(7)
|                           |                           |
|                           |                           +---------------------------- Tenrec(8)
\---------------------------+                           |
                            |                           +---------------------------- Sloth(9)
                            |                           |
                            |                           +---------------------------- Armadillo(10)
                            |                           |
                            |                           +---------------------------- Human(11)
                            |                           |
                            |                           +---------------------------- Tree shrew(12)
                            |                           |
                            \------------61-------------+---------------------------- Rabbit(13)
                                                        |
                                                        +---------------------------- Mouse(14)
                                                        |
                                                        +---------------------------- Hedgehog(15)
                                                        |
                                                        +---------------------------- Flying fox(16)
                                                        |
                                                        +---------------------------- Cat(17)
                                                        |
                                                        +---------------------------- Dog(18)
                                                        |
                                                        +---------------------------- Pig(19)
                                                        |
                                                        \---------------------------- Whale(20)

Bipartitions found in one or more trees and frequency of occurrence (bootstrap support values):

         1         2
12345678901234567890          Freq
----------------------------------
..******************         99.40
..***...............         97.00
.....***************         61.19
...**...............         49.34
.......*.*..........         41.83
..**................         40.66
..................**         35.25
...............*..*.         34.08
................**..         28.06
.....*..*.*.........         27.25
........*.*.........         26.50
...............*..**         24.75
........**..........         24.43
.....********.******         20.52
........*...*.......         20.18
.....*........*.....         19.20
.....*....*.........         17.70
.....*..*...........         17.00
..........*......*..         16.12
........**..*.......         15.53
............*...*...         14.67
.....*..........*...         13.40
...........**.......         12.61
.....**.*.*.........         12.00
.....**.............         10.87
.....**.************         10.39
...........*......*.         10.30
..***********.******         10.06
..*****.************          9.71
.....**...*...*.**..          9.34
...........*...*..*.          9.25
.....**.........*...          9.00
.....**...*.....**..          9.00
.....*....*...*.....          8.57
..............*..*..          8.08
..*.*...............          8.00
...........*...*..**          7.67
..........*...*.....          7.46
.............**.....          7.38
........***.........          7.00
.......***..*.......          6.67
.......*.*.*........          6.50
.....**.*****.******          6.43
.........*....*.....          6.00
.....**...*.........          5.93
..****.*************          5.80
.......***.**.......          5.42
.......***..........          5.35
.............*..**..          5.33
.......*.*....*.....          5.25
............*...**..          5.17
...........*..*..*..          5.00
.......*....*.......          5.00

636 groups at (relative) frequency less than 5% not shown

paup> bootstrap nreps=200 treefile=boot.tre search=heuristic/ start=stepwise addseq=random nreps=10 swap=TBR

Bootstrap method with heuristic search:
  Number of bootstrap replicates = 200
  Starting seed = generated automatically
  Number of characters resampled in each replicate = 382
  Optimality criterion = parsimony
    Character-status summary:
      Of 382 total characters:
        All characters are of type 'unord'
        All characters have equal weight
        198 characters are constant
        61 variable characters are parsimony-uninformative
        Number of parsimony-informative characters = 123
    Gaps are treated as "missing"
  Starting tree(s) obtained via stepwise addition
    Addition sequence: random
    Number of replicates = 10
    Starting seed = generated automatically
    Number of trees held at each step = 1
  Branch-swapping algorithm: tree-bisection-reconnection (TBR) with reconnection limit = 8
    Steepest descent option not in effect
  Initial 'Maxtrees' setting = 100
  Branches collapsed (creating polytomies) if maximum branch length is zero
  'MulTrees' option in effect
  No topological constraints in effect
  Trees are unrooted

  200 bootstrap replicates completed
  Time used = 12.08 sec (CPU time = 12.08 sec)

Trees for each replicate written to treefile: ~/EEOB563/EEOB563Lab2/boot.tre

Bootstrap 50% majority-rule consensus tree

                                                               /--------------------- Platypus(1)
/--------------------------------------------------------------+
|                                                              \--------------------- Echidna(2)
|
|                                         /------------------------------------------ Opossum(3)
|                                         |
|                    /---------99---------+                    /--------------------- Wallaby(4)
|                    |                    \---------54---------+
100                  |                                         \--------------------- Bandicoot(5)
|                    |
|                    |                                         /--------------------- Elephant(6)
|                    |                                         |
|                    |                                         +--------------------- Aardvark(7)
|                    |                                         |
|                    |                                         +--------------------- Tenrec(8)
\--------------------+                                         |
                     |                                         +--------------------- Sloth(9)
                     |                                         |
                     |                                         +--------------------- Armadillo(10)
                     |                                         |
                     |                                         +--------------------- Human(11)
                     |                                         |
                     |                                         +--------------------- Tree shrew(12)
                     |                                         |
                     \-------------------53--------------------+--------------------- Rabbit(13)
                                                               |
                                                               +--------------------- Mouse(14)
                                                               |
                                                               +--------------------- Hedgehog(15)
                                                               |
                                                               +--------------------- Flying fox(16)
                                                               |
                                                               +--------------------- Cat(17)
                                                               |
                                                               +--------------------- Dog(18)
                                                               |
                                                               +--------------------- Pig(19)
                                                               |
                                                               \--------------------- Whale(20)

Bipartitions found in one or more trees and frequency of occurrence (bootstrap support values):

         1         2
12345678901234567890          Freq        %
-------------------------------------------
..******************        200.00  100.00%
..***...............        198.33   99.17%
...**...............        107.41   53.71%
.....***************        106.84   53.42%
..**................         85.69   42.85%
...............*..*.         77.39   38.69%
.......*.*..........         72.03   36.02%
................**..         67.05   33.52%
..................**         65.42   32.71%
...............*..**         62.37   31.19%
.....*..*.*.........         57.72   28.86%
.....*..*...........         48.06   24.03%
........*.*.........         47.21   23.61%
........**..........         44.30   22.15%
.....********.******         43.24   21.62%
.....*....*.........         38.17   19.08%
........*...*.......         35.50   17.75%
........**..*.......         35.21   17.61%
.............**.....         32.66   16.33%
.....*........*.....         28.61   14.30%
...........**.......         26.39   13.20%
..*****.************         22.61   11.31%
.....**.........*...         22.31   11.16%
.....*..........*...         21.96   10.98%
.....*....*...*.....         21.96   10.98%
.....**.............         20.10   10.05%
.....**...*...*.....         18.70    9.35%
...........*......*.         18.43    9.22%
.....**...*.....**..         17.37    8.69%
..***........*......         17.07    8.53%
.....**...*...*.**..         17.03    8.52%
.....**.*.*.........         16.82    8.41%
...........*...*..*.         16.21    8.10%
.......*......*.....         15.65    7.82%
.....**.************         15.43    7.72%
.......***..*.......         15.28    7.64%
..***********.******         15.21    7.60%
..........*......*..         15.16    7.58%
.......***..........         15.01    7.51%
.....**...*.........         14.64    7.32%
..*****************.         14.19    7.10%
............*...*...         14.05    7.02%
........***.........         13.25    6.62%
...........*...*..**         13.18    6.59%
.......*.*....*.....         11.64    5.82%
..........*...*.....         11.63    5.81%
...........*.....*..         11.58    5.79%
.........*..*.......         11.49    5.75%
.....*.*************         11.44    5.72%
.......*.*.*........         11.32    5.66%
........***.*.......         10.75    5.37%
.............*..*...         10.26    5.13%

1230 groups at (relative) frequency less than 5% not shown

paup> savetrees file=bootMajRule.tree from=1 to=1 savebootp=nodelabels

1 tree saved to file "~/EEOB563/EEOB563Lab2/bootMajRule.tree"

paup> gettrees file=boot.tre StoreTreesWts=yes mode=3

Error(#143): Keyword "StoreTreesWts" is not recognized.
                 If the keyword is valid for the current command and it is spelled correctly, look
                 for problems in a previous command, such as a missing semicolon.

paup> gettrees file=boot.tre StoreTreeWts=yes mode=3

Processing TREES block from file: ~/EEOB563/EEOB563Lab2/boot.tre
  Keeping: trees from file (replacing any trees already in memory)

The limit of 100 trees (= 'Maxtrees') has been reached.  Do you want to increase Maxtrees?

Do you want to increase 'Maxtrees'? (Y/n)Y

Enter new value for 'Maxtrees' (200):

Action if limit is hit:
   (1) Prompt for new value
   (2) Automatically increase by 100 (= AUTOINC)
   (3) Leave unchanged, and don't prompt
(1)>2

  679 trees read from file

  Time used = 48.61 sec (CPU time = 0.01 sec)

paup> savetrees file=bootMajRule.tree from=1 to=1 savebootp=nodelabels

OK to replace file "bootMajRule.tree"? (Y/n)Y

1 tree saved to file "~/EEOB563/EEOB563Lab2/bootMajRule.tree"

paup> contree all/strict=no majrule=yes usetreewts=yes treefile=bootMajRule.tre

50% Majority-rule consensus of 679 trees (using tree weights, sum = 200)

                                                               /--------------------- Platypus(1)
/--------------------------------------------------------------+
|                                                              \--------------------- Echidna(2)
|
|                                         /------------------------------------------ Opossum(3)
|                                         |
|                    /---------99---------+                    /--------------------- Wallaby(4)
|                    |                    \---------54---------+
100                  |                                         \--------------------- Bandicoot(5)
|                    |
|                    |                                         /--------------------- Elephant(6)
|                    |                                         |
|                    |                                         +--------------------- Aardvark(7)
|                    |                                         |
|                    |                                         +--------------------- Tenrec(8)
\--------------------+                                         |
                     |                                         +--------------------- Sloth(9)
                     |                                         |
                     |                                         +--------------------- Armadillo(10)
                     |                                         |
                     |                                         +--------------------- Human(11)
                     |                                         |
                     |                                         +--------------------- Tree shrew(12)
                     |                                         |
                     \-------------------53--------------------+--------------------- Rabbit(13)
                                                               |
                                                               +--------------------- Mouse(14)
                                                               |
                                                               +--------------------- Hedgehog(15)
                                                               |
                                                               +--------------------- Flying fox(16)
                                                               |
                                                               +--------------------- Cat(17)
                                                               |
                                                               +--------------------- Dog(18)
                                                               |
                                                               +--------------------- Pig(19)
                                                               |
                                                               \--------------------- Whale(20)

Bipartitions found in one or more trees and frequency of occurrence:

         1         2
12345678901234567890          Freq        %
-------------------------------------------
..******************        200.00  100.00%
..***...............        198.33   99.17%
...**...............        107.41   53.71%
.....***************        106.84   53.42%
..**................         85.69   42.85%
...............*..*.         77.39   38.69%
.......*.*..........         72.03   36.02%
................**..         67.05   33.52%
..................**         65.42   32.71%
...............*..**         62.37   31.19%
.....*..*.*.........         57.72   28.86%
.....*..*...........         48.06   24.03%
........*.*.........         47.21   23.61%
........**..........         44.30   22.15%
.....********.******         43.24   21.62%
.....*....*.........         38.17   19.08%
........*...*.......         35.50   17.75%
........**..*.......         35.21   17.61%
.............**.....         32.66   16.33%
.....*........*.....         28.61   14.30%
...........**.......         26.39   13.20%
..*****.************         22.61   11.31%
.....**.........*...         22.31   11.16%
.....*..........*...         21.96   10.98%
.....*....*...*.....         21.96   10.98%
.....**.............         20.10   10.05%
.....**...*...*.....         18.70    9.35%
...........*......*.         18.43    9.22%
.....**...*.....**..         17.37    8.69%
..***........*......         17.07    8.53%
.....**...*...*.**..         17.03    8.52%
.....**.*.*.........         16.82    8.41%
...........*...*..*.         16.21    8.10%
.......*......*.....         15.65    7.82%
.....**.************         15.43    7.72%
.......***..*.......         15.28    7.64%
..***********.******         15.21    7.60%
..........*......*..         15.16    7.58%
.......***..........         15.01    7.51%
.....**...*.........         14.64    7.32%
..*****************.         14.19    7.10%
............*...*...         14.05    7.02%
........***.........         13.25    6.63%
...........*...*..**         13.18    6.59%
.......*.*....*.....         11.64    5.82%
..........*...*.....         11.63    5.81%
...........*.....*..         11.58    5.79%
.........*..*.......         11.49    5.75%
.....*.*************         11.44    5.72%
.......*.*.*........         11.32    5.66%
........***.*.......         10.75    5.38%
.............*..*...         10.26    5.13%
........**.**.......          9.88    4.94%
.....**.*****.******          9.72    4.86%
..****.*************          9.26    4.63%
............*..*....          9.14    4.57%
..****..*.*.........          8.50    4.25%
.....**...*.....*...          8.36    4.18%
.....*..*.*.....*...          8.15    4.07%
.....*..*.*.....**..          8.00    4.00%
.........*...**.....          7.94    3.97%
...........*..*.....          7.72    3.86%
.....********.*.**..          7.69    3.85%
..............*..*..          7.55    3.78%
..*****.******.*****          7.51    3.75%
........**..*...*...          7.50    3.75%
......*...*.........          7.46    3.73%
...........*..*..*..          7.45    3.73%
.....**************.          7.42    3.71%
.............**..*..          7.17    3.59%
.....**...*...*..*..          7.05    3.52%
.............*..**..          7.03    3.52%
.......***.**..*..**          6.62    3.31%
.....*.............*          6.59    3.30%
..*************.**..          6.56    3.28%
.....*....*.....**..          6.50    3.25%
..*.*...............          6.23    3.11%
.....********.*****.          6.17    3.08%
.......***.**.......          6.15    3.07%
.....******.*.*.**..          6.12    3.06%
.........*....*.....          6.03    3.01%
.........*.*........          5.90    2.95%
............*.*.....          5.75    2.88%
..........*...*..*..          5.67    2.83%
........**..*..*....          5.67    2.83%
..***......*........          5.65    2.83%
..***..*............          5.62    2.81%
...........**..*....          5.44    2.72%
.....**.***.*...*...          5.23    2.61%
.......*...*..*.....          5.14    2.57%
...........*......**          5.11    2.56%
.............*.*....          5.02    2.51%
.......*.*...**.....          4.92    2.46%
........**..*...*..*          4.83    2.42%
................*..*          4.70    2.35%
............***.....          4.67    2.34%
.....*.****...*.....          4.67    2.33%
.......*.*.*..*.....          4.67    2.33%
.......*.*.**.......          4.60    2.30%
.....*..*.*...*.....          4.57    2.28%
........**.........*          4.55    2.28%
.......***..*.*.....          4.52    2.26%
.......*.*.*****..**          4.36    2.18%
..****..............          4.35    2.18%
.....******...*.**..          4.33    2.17%
...........**..*..**          4.32    2.16%
.....**...*.....**.*          4.31    2.15%
.......***....*.....          4.26    2.13%
..****....*.........          4.25    2.13%
.......*.*.*...*..**          4.22    2.11%
......*...*......*..          4.21    2.11%
.....*....*.....*...          4.14    2.07%
.....******.........          4.13    2.07%
.....**********.**..          4.10    2.05%
.....**...**..*.**..          4.06    2.03%
.......*.........*..          4.00    2.00%
.....**...**...*****          4.00    2.00%
............*...*..*          4.00    2.00%
.....**...*......*..          3.94    1.97%
..*********.********          3.87    1.93%
.....*..*.*........*          3.85    1.93%
.....**.*.*.....**..          3.75    1.88%
.....**.*.***.******          3.63    1.82%
.....**...*..**.**..          3.57    1.79%
.......*....*.......          3.57    1.78%
.....**.***.....*...          3.50    1.75%
.......***.**..*..*.          3.44    1.72%
.....**...*....*****          3.37    1.68%
..*****...*..**.**..          3.33    1.67%
...........*...*....          3.29    1.65%
............***.**..          3.20    1.60%
.....**.*.***..*****          3.17    1.58%
.......***.**..*....          3.16    1.58%
............*....*..          3.08    1.54%
.....**...*........*          3.07    1.53%
.....******...*.....          3.05    1.53%
.....******.*...*...          3.00    1.50%
...........*.***..**          3.00    1.50%
.....*..*.*.....*..*          3.00    1.50%
..........*..**.**..          3.00    1.50%
...........**.*.....          3.00    1.50%
..*****.*.*.........          3.00    1.50%
......*....*........          3.00    1.50%
...........*..**.***          3.00    1.50%
.......*...*........          3.00    1.50%
.....*........*....*          3.00    1.50%
......*.....*.......          3.00    1.50%
...........*.***.***          3.00    1.50%
.....******.***.**.*          3.00    1.50%
.......*.*.*********          3.00    1.50%
.....*....*........*          2.99    1.50%
..*****.*******.**..          2.98    1.49%
.......*.*...*......          2.97    1.48%
.....**.*.*...*.....          2.85    1.42%
.............**.**..          2.84    1.42%
..........*...*.**..          2.83    1.42%
..****.********.**..          2.83    1.42%
......**............          2.83    1.42%
.....**...**..*..*..          2.79    1.39%
........*..**.......          2.78    1.39%
..****..******.*****          2.78    1.39%
.......*.*..*.......          2.75    1.38%
........**.***.*****          2.75    1.38%
.....******.*...**..          2.75    1.38%
.....*..***.........          2.75    1.38%
.....**.***.*...**..          2.73    1.36%
.......*.*.**..*..**          2.70    1.35%
.....**...**....**..          2.67    1.33%
...........*..**.**.          2.67    1.33%
.......*...*...*..*.          2.67    1.33%
...............*...*          2.67    1.33%
..****....*...*.....          2.61    1.31%
..............*.**..          2.61    1.30%
.............*...*..          2.60    1.30%
..*********.***.**..          2.53    1.27%
.....**...*.*...**..          2.53    1.26%
........**.**..*....          2.50    1.25%
.....**.*****.*.**..          2.50    1.25%
.....*.****.........          2.50    1.25%
.....********.*.****          2.50    1.25%
.....*.***..........          2.50    1.25%
.....*..**..........          2.50    1.25%
.......*************          2.48    1.24%
.....**.*.*........*          2.45    1.23%
.....**.*.*...*.**..          2.45    1.23%
..***..***.***.*****          2.44    1.22%
......*.......*.....          2.37    1.19%
.....**...**..******          2.37    1.18%
........*...*..*....          2.36    1.18%
.....**.*.**..*.....          2.33    1.17%
.....*..*..........*          2.33    1.17%
.........*...*......          2.33    1.16%
......*...*.....**..          2.30    1.15%
.....******.***.**..          2.30    1.15%
..***........**.....          2.30    1.15%
.....**.*****.*****.          2.25    1.13%
.....**...*.*...*...          2.25    1.13%
..*********..*******          2.25    1.13%
.....**...**.....*..          2.25    1.13%
.......*...**..*..**          2.25    1.13%
...........*...*.**.          2.17    1.08%
..***********.*****.          2.17    1.08%
.......*.....*......          2.17    1.08%
.....**.*.*.....*...          2.17    1.08%
.......*.*.....*..**          2.17    1.08%
..***.....*.........          2.13    1.06%
........**..*......*          2.11    1.06%
...........*.**.....          2.11    1.06%
..****.************.          2.10    1.05%
.....********..*****          2.08    1.04%
.....**...*...*.*...          2.06    1.03%
.....*....*......*..          2.05    1.02%
........**.**..*..**          2.01    1.01%
........*.*........*          2.00    1.00%
..***..***.*........          2.00    1.00%
.....*.****...*.**..          2.00    1.00%
............*......*          2.00    1.00%
.....**.*.*....*****          2.00    1.00%
.............**..***          2.00    1.00%
........*.*.*...*...          2.00    1.00%
.......*...*..**..**          2.00    1.00%
.....*.********.**..          2.00    1.00%
.....********.****..          2.00    1.00%
.....**.*.*.*...*...          2.00    1.00%
..***********..*****          2.00    1.00%
.....*******.*******          2.00    1.00%
..***.........*.....          2.00    1.00%
.....**.*.**........          2.00    1.00%
.....******.*.*.*...          2.00    1.00%
.....**.*******.**..          2.00    1.00%
...........*.**..*..          2.00    1.00%
.................**.          2.00    1.00%
.....*****..........          2.00    1.00%
.....******.******.*          2.00    1.00%
......*...........*.          2.00    1.00%
.....*..*.*.....**.*          2.00    1.00%
.....***..**..*.**..          2.00    1.00%
......**......*.....          2.00    1.00%
.....******.*...*..*          2.00    1.00%
......*..*.*********          2.00    1.00%
.....*....**........          2.00    1.00%
..***...**.***.*****          1.94    0.97%
..***..***..**......          1.92    0.96%
......*..*..........          1.90    0.95%
........*****.......          1.89    0.94%
.....**.***...*.....          1.88    0.94%
........*.*.*.......          1.84    0.92%
.........*.........*          1.84    0.92%
...........**....*..          1.83    0.92%
.......*.*.....*..*.          1.83    0.92%
........***.*...*...          1.81    0.91%
.....**********.****          1.81    0.90%
..*****.*.**********          1.80    0.90%
.....**.*.***..*..**          1.80    0.90%
.....*....**....**..          1.75    0.88%
.....***..*...*.....          1.75    0.88%
.............*.....*          1.75    0.88%
..*********.*...**..          1.75    0.88%
.......*...*...*..**          1.75    0.88%
.......***.**..**.**          1.74    0.87%
.....***..**..*****.          1.72    0.86%
..*********.........          1.70    0.85%
..***..*************          1.67    0.83%
........**.**..*..*.          1.67    0.83%
......*.**.***.*****          1.67    0.83%
.....*.***.**..**.**          1.67    0.83%
.....*.******.******          1.67    0.83%
........**..**......          1.67    0.83%
.....*******..*****.          1.67    0.83%
..*****...*...*.....          1.67    0.83%
.....*..*.*.***.**..          1.67    0.83%
........*..........*          1.65    0.83%
........**.**.*.....          1.64    0.82%
.....**.*.*...******          1.62    0.81%
.......**...........          1.60    0.80%
.....******.....**..          1.60    0.80%
.......*.......*..*.          1.60    0.80%
.....******.*..**.**          1.58    0.79%
.....*....*..**.**..          1.58    0.79%
.......***..*..*..**          1.57    0.78%
.....*....*...*.**..          1.56    0.78%
.....**.***.*...**.*          1.56    0.78%
.....**...*....****.          1.56    0.78%
.....**...***..*****          1.56    0.78%
..*****...*..*..**..          1.53    0.76%
..........*.....**..          1.51    0.75%
.....*.*............          1.50    0.75%
.......******.*..*..          1.50    0.75%
..***....*...*......          1.50    0.75%
.....*.****.*.*.**..          1.50    0.75%
........*..*........          1.50    0.75%
........*.*...*.....          1.50    0.75%
.........*.......*..          1.50    0.75%
........*...*...*...          1.50    0.75%
..***..*...*..*.....          1.50    0.75%
.....**.***.*..*****          1.50    0.75%
.......******.******          1.50    0.75%
........*...*...*..*          1.50    0.75%
.......*.*.****.....          1.50    0.75%
.....**.****....**..          1.50    0.75%
.....**.***.*.......          1.50    0.75%
......*.************          1.50    0.75%
.....**.*.*.*...**..          1.50    0.75%
.....*..***.*.......          1.50    0.75%
........**........**          1.50    0.75%
.....*********.*****          1.50    0.75%
..*********.*...*...          1.50    0.75%
.....**.*.**..*.**..          1.50    0.75%
...........*..*..**.          1.50    0.75%
.....********.......          1.50    0.75%
..*****.***.**..*...          1.50    0.75%
.....**...**........          1.50    0.75%
.....********...**..          1.50    0.75%
......**.*..........          1.49    0.74%
............***..*..          1.49    0.74%
...........*********          1.44    0.72%
.........*..*...**..          1.44    0.72%
........*.*.....*...          1.43    0.72%
.......***.**.**..*.          1.43    0.71%
........*...*.*.....          1.42    0.71%
.....*....**...****.          1.42    0.71%
.....**...***...**..          1.42    0.71%
..***...**..**......          1.42    0.71%
.....**.****.*******          1.40    0.70%
...........*.*......          1.40    0.70%
..****..************          1.39    0.70%
.....**...*...******          1.36    0.68%
...........*.*....*.          1.36    0.68%
...........*...****.          1.35    0.67%
.....**...*...*****.          1.33    0.67%
.....*.***..*...*..*          1.33    0.67%
..........**.....*..          1.33    0.67%
.....**.******.*****          1.33    0.67%
......*....*......*.          1.33    0.67%
.......****.........          1.33    0.67%
.....***........*...          1.33    0.67%
..***********.*.**..          1.33    0.67%
.........*.*********          1.33    0.67%
......*.........**..          1.33    0.67%
.....**.****....*...          1.33    0.67%
.....**...**...****.          1.33    0.67%
...............*****          1.33    0.67%
.......***.****.....          1.33    0.67%
.....**...*.*...**.*          1.33    0.67%
.......*.*..***.....          1.32    0.66%
...............**.**          1.32    0.66%
........*.*.*...**..          1.30    0.65%
.....**.*****.*..*..          1.29    0.64%
...........***..**..          1.25    0.63%
..*****...*.........          1.25    0.63%
.....*....*.*...*...          1.25    0.63%
.....**.*.***.......          1.25    0.63%
..***.*.............          1.25    0.63%
........***...*.....          1.25    0.63%
.....**.***...*....*          1.24    0.62%
.....******.********          1.20    0.60%
...........*.*.*****          1.20    0.60%
.....*....**********          1.20    0.60%
.....**...**********          1.20    0.60%
..****.......*......          1.19    0.59%
..*****.***...*.....          1.17    0.58%
..***********.****..          1.17    0.58%
......**************          1.17    0.58%
.....*******.**.****          1.17    0.58%
.....*..***...*.**..          1.17    0.58%
..***..***.****.....          1.17    0.58%
.....***.**...*.**..          1.17    0.58%
.....**.*****...**..          1.17    0.58%
.......*.*.*.**.....          1.17    0.58%
.....*..*****..*****          1.17    0.58%
.....**...**..*****.          1.14    0.57%
..***......*..*.....          1.14    0.57%
.....*..*.*......*..          1.14    0.57%
..*****.*******.**.*          1.14    0.57%
.....*.*****........          1.12    0.56%
............*...**..          1.12    0.56%
.......***..*..**.**          1.12    0.56%
......*...*....*****          1.12    0.56%
..*****.***.***.*...          1.11    0.56%
........**.*********          1.11    0.56%
.....*....*...*..*..          1.11    0.56%
..****..******.****.          1.11    0.55%
..*********.....*...          1.10    0.55%
..*********.....**..          1.10    0.55%
..*****.*.*****.**..          1.10    0.55%
.......***..*..*....          1.10    0.55%
..************.*****          1.09    0.55%
........*...*......*          1.08    0.54%
.....***.***.******.          1.08    0.54%
.....**.*****..*****          1.06    0.53%
...............*.**.          1.06    0.53%
.......*.*.*****.***          1.05    0.52%
..******.***********          1.00    0.50%
..*****......**.*...          1.00    0.50%
........***.*.*.....          1.00    0.50%
........***.***.....          1.00    0.50%
........***.***.**..          1.00    0.50%
.....*.*...*........          1.00    0.50%
.....***...*........          1.00    0.50%
........*****....*..          1.00    0.50%
.....**.........*..*          1.00    0.50%
.....**.........*.**          1.00    0.50%
.....**......*.**.**          1.00    0.50%
..*****.***.*.*.....          1.00    0.50%
..*********.***.*...          1.00    0.50%
..*********.******..          1.00    0.50%
.....*....**.....*..          1.00    0.50%
...........*.**...**          1.00    0.50%
.....***********..**          1.00    0.50%
........*.*.....*..*          1.00    0.50%
.....**.*.*.....*..*          1.00    0.50%
.....******.....*..*          1.00    0.50%
.....******.**.**.**          1.00    0.50%
.....**............*          1.00    0.50%
..........*..**.*...          1.00    0.50%
..***..************.          1.00    0.50%
.....**...*.***.**.*          1.00    0.50%
..***..***.*...*..*.          1.00    0.50%
.............*..*..*          1.00    0.50%
.......*.....*..**.*          1.00    0.50%
.......*.....*..****          1.00    0.50%
.......*.....*.*****          1.00    0.50%
..***..*...*.*.*****          1.00    0.50%
.....*.****...*..*..          1.00    0.50%
.....*.****.*.*.**.*          1.00    0.50%
.......*...****.....          1.00    0.50%
.....*.*..**********          1.00    0.50%
.....*.*.***********          1.00    0.50%
........*..*......**          1.00    0.50%
..***..........*....          1.00    0.50%
..***.......*..*....          1.00    0.50%
..***.......**.***..          1.00    0.50%
..***....*..**.***..          1.00    0.50%
.......***.........*          1.00    0.50%
.....**...*..******.          1.00    0.50%
.....******..*******          1.00    0.50%
........**...**.....          1.00    0.50%
............*.*....*          1.00    0.50%
.....*******........          1.00    0.50%
.....*******....**..          1.00    0.50%
.....*******....***.          1.00    0.50%
.....*******.*.****.          1.00    0.50%
...........*....**..          1.00    0.50%
...........**..**.**          1.00    0.50%
...........**..*****          1.00    0.50%
.......*.*.**.*.....          1.00    0.50%
......*........*****          1.00    0.50%
.........*...*..**..          1.00    0.50%
.........*..**..**..          1.00    0.50%
.........*.***..**..          1.00    0.50%
.........*.***.****.          1.00    0.50%
.........*.***.*****          1.00    0.50%
........**..***.**.*          1.00    0.50%
......*.**.*********          1.00    0.50%
..***.......*.......          1.00    0.50%
..***.......**......          1.00    0.50%
........**.*****.***          1.00    0.50%
.......***.*****.***          1.00    0.50%
........*.......*...          1.00    0.50%
........*...*.*.*...          1.00    0.50%
........*..**.*.*...          1.00    0.50%
.....**...*....*.***          1.00    0.50%
.....**.***.*..*...*          1.00    0.50%
.....**.***.*..*..**          1.00    0.50%
..***........**..*..          1.00    0.50%
..*****...*..**..*..          1.00    0.50%
..*****.*.*.******.*          1.00    0.50%
.......*.......*..**          1.00    0.50%
..*****.............          1.00    0.50%
..*****.**..*.......          1.00    0.50%
..*****.***.*...**..          1.00    0.50%
.....*.********.****          1.00    0.50%
.......*....*.*.....          1.00    0.50%
......*..*.*........          1.00    0.50%
.....**.****........          1.00    0.50%
.....**..**..**.**..          1.00    0.50%
.....**.***.***.**..          1.00    0.50%
.....**.***.********          1.00    0.50%
.......*.*.*.....*..          1.00    0.50%
.......*.*.*..*..*..          1.00    0.50%
.......*.*.*..*..***          1.00    0.50%
.....**.*.***.**....          1.00    0.50%
.....**.*****.**.*..          1.00    0.50%
.....**.**********..          1.00    0.50%
......****..*.......          1.00    0.50%
..*********.*.*.....          1.00    0.50%
..*****.***.*...*...          1.00    0.50%
......****..........          1.00    0.50%
..*********..**.**..          1.00    0.50%
..*********..**.**.*          1.00    0.50%
.............*..**.*          1.00    0.50%
.......*...*..*...*.          1.00    0.50%
.......*...*.**.****          1.00    0.50%
.....**.***.*..*....          1.00    0.50%
.....*.....*........          1.00    0.50%
........*..****.....          1.00    0.50%
......*..**....*****          1.00    0.50%
.........*......**..          1.00    0.50%
..*******.***..*..**          1.00    0.50%
......**.*.*********          1.00    0.50%
.......*...*.*.*..*.          1.00    0.50%
......*..**.*...**..          1.00    0.50%
......*..**.*...**.*          1.00    0.50%
.....**..**.*...**.*          1.00    0.50%
.....**..**.*.*.**.*          1.00    0.50%
.....***.***********          1.00    0.50%
..***...*...........          1.00    0.50%
..****.********.....          1.00    0.50%
..*************.....          1.00    0.50%
.......*........*...          1.00    0.50%
..*******.*.....*...          1.00    0.50%
..*******.**.****.**          1.00    0.50%
..***************.**          1.00    0.50%
.....**.*.***...**..          1.00    0.50%
.....**.*.***...**.*          1.00    0.50%
........*.**...*..**          1.00    0.50%
.....***.*..*...*...          1.00    0.50%
.....***.*..***.**..          1.00    0.50%
.......*......*.**..          1.00    0.50%
......*...*...*.....          1.00    0.50%
.....*.***..*..**..*          1.00    0.50%
.....*.***..*..**.**          1.00    0.50%
.....*.***.**..*****          1.00    0.50%
......*.....*..*..**          1.00    0.50%
.....*.*****..*.**..          1.00    0.50%
.....**.*.*......*..          1.00    0.50%
........**.....*..**          1.00    0.50%
.....**.***...******          1.00    0.50%
.......*.*.*...*..*.          1.00    0.50%
.......***.**..**.*.          1.00    0.50%
.....*.***.**.***.**          1.00    0.50%
.......*.*.*..*...*.          1.00    0.50%
.......*.*.*..*.***.          1.00    0.50%
.....*....*..**.....          1.00    0.50%
.....*.*..*..**..*..          1.00    0.50%
.....*.*..*..**.**..          1.00    0.50%
.....*.*..*..**.***.          1.00    0.50%
.....***..*..**.***.          1.00    0.50%
.....***..*..*******          1.00    0.50%
....*.........*.....          1.00    0.50%
.......****...*.....          1.00    0.50%
.......*****..*..*..          1.00    0.50%
.......*****..**.**.          1.00    0.50%
..***..*****.***.**.          1.00    0.50%
..**********.***.**.          1.00    0.50%
..**********.*******          1.00    0.50%
..*********.*.......          1.00    0.50%
..*********.*...*..*          1.00    0.50%
..*********.**..*..*          1.00    0.50%
........***...*..*..          1.00    0.50%
........***.*.*..*..          1.00    0.50%
.......****.*.*..*..          1.00    0.50%
.......******.**.***          1.00    0.50%
.....**......*..*...          1.00    0.50%
................*.*.          1.00    0.50%
...............**.*.          1.00    0.50%
.....**.*.*...*..*..          1.00    0.50%
.......*....***.....          1.00    0.50%
..........*..**.....          1.00    0.50%
.....*..*****.......          1.00    0.50%
.....*..******.*****          1.00    0.50%
.....**...*...*.**.*          1.00    0.50%
.........**..**.....          1.00    0.50%
.........**..**.**..          1.00    0.50%
........*..**..*..*.          1.00    0.50%
.......**..**..*..*.          1.00    0.50%
.......**..**..*..**          1.00    0.50%
.....*.**..**..*..**          1.00    0.50%
..***.........*.**..          1.00    0.50%
..***....*..*.*.**..          1.00    0.50%
..***....*..***.**..          1.00    0.50%
.....******.....*...          1.00    0.50%
.......***..*.*.*...          1.00    0.50%
.......******.**..**          1.00    0.50%
......*******.******          1.00    0.50%
.........*...*******          1.00    0.50%
........*.**..*.....          1.00    0.50%
.....**.*.**..*..*..          1.00    0.50%
.....**.*.**..*.**.*          1.00    0.50%
.....*******.**.**.*          1.00    0.50%
.....*..***..**.....          1.00    0.50%
.....**.***..**.....          1.00    0.50%
.....**.***..**.**..          1.00    0.50%
.....**.***..**.****          1.00    0.50%
.....**.***..*******          1.00    0.50%
.....*..***.....**..          1.00    0.50%
.....**.***...*.**..          1.00    0.50%
.....*.*****..**.**.          1.00    0.50%
..........**........          1.00    0.50%
..***...*...*.......          1.00    0.50%
.....*....*.*.*.**..          1.00    0.50%
.....*....*.******..          1.00    0.50%
.....*....*.******.*          1.00    0.50%
..***..***.*......*.          1.00    0.50%
........***.*..*...*          1.00    0.50%
.....*.....*..*.....          1.00    0.50%
..****.....*..*.....          1.00    0.50%
..*****....*..*.....          1.00    0.50%
..*****.*********..*          1.00    0.50%
.......*...**.......          1.00    0.50%
.......*...**.**..**          1.00    0.50%
.....***..***.******          1.00    0.50%
..******..***.******          1.00    0.50%
.......*....**......          1.00    0.50%
.......*....**...*..          1.00    0.50%
.......*....**..**..          1.00    0.50%
.........*.*..*.....          1.00    0.50%
..****..****..*.....          1.00    0.50%
.........*...**.**..          1.00    0.50%
..........*.*.*.**.*          1.00    0.50%
..........*.***.**.*          1.00    0.50%
..****..***..*..**.*          1.00    0.50%
..*****.***..*..****          1.00    0.50%
..*****.***..*.*****          1.00    0.50%
..***......*.***.***          1.00    0.50%
..***...********.***          1.00    0.50%
..*****.***..**.**.*          1.00    0.50%
..*****.**********.*          1.00    0.50%
.........*....*....*          1.00    0.50%
.........*..*.*....*          1.00    0.50%
...........**..*.**.          1.00    0.50%
.....**.***...*.*..*          1.00    0.50%
.....******.*.*.*..*          1.00    0.50%
.....******.*.*.**.*          1.00    0.50%
.....**.*...........          1.00    0.50%
.....******...******          1.00    0.50%
.....********.*.***.          1.00    0.50%
.....***..*.....**..          1.00    0.50%
.....***..*.....*...          1.00    0.50%
.....***..**..*.***.          1.00    0.50%
.....***..**..*.....          1.00    0.50%
......**.**....*****          1.00    0.50%
......**.**..*.*****          1.00    0.50%
.....******..*.*****          1.00    0.50%
.......*.*.**..*..*.          1.00    0.50%
.......*.**********.          1.00    0.50%
.......*.*...***....          1.00    0.50%
.......****.******..          1.00    0.50%
.......****.********          1.00    0.50%
..............*****.          1.00    0.50%
.....***............          1.00    0.50%
.....***....*.......          1.00    0.50%
.....******.*.......          1.00    0.50%
......*..*.*......*.          1.00    0.50%
......**.*.*..*...*.          1.00    0.50%
......**.*.**.**..*.          1.00    0.50%
..............**..*.          1.00    0.50%
..........*........*          1.00    0.50%
..........*.....**.*          1.00    0.50%
......*...*.....**.*          1.00    0.50%
..*****...*..*..**.*          1.00    0.50%
.......*..**..*..*..          1.00    0.50%
.....***..**..*..*..          1.00    0.50%
........***.*...*..*          1.00    0.50%
..***......*.***.**.          1.00    0.50%
..***...************          1.00    0.50%
..*****.*.*.*...*...          1.00    0.50%
.....********...*...          1.00    0.50%
........*.*.....**..          1.00    0.50%
.....**......*......          1.00    0.50%
.....**......**.....          1.00    0.50%
.....***.*.*****..**          1.00    0.50%
...........*.*....**          1.00    0.50%
.....**.*.***.*.**..          1.00    0.50%
...............****.          1.00    0.50%
.....*.***..*...*...          1.00    0.50%
.....*..**.**.......          1.00    0.50%
.....*******..******          0.96    0.48%
............*..*..**          0.96    0.48%
.......***.**.*.....          0.95    0.48%
.....**...*...****..          0.94    0.47%
.........*.**.......          0.94    0.47%
...............*.*..          0.93    0.47%
.............*.*..**          0.92    0.46%
..***.....*......*..          0.92    0.46%
......**.*.*........          0.90    0.45%
........**..**.....*          0.89    0.44%
..***...**.***..*..*          0.89    0.44%
...............***..          0.88    0.44%
.....*..***...*.....          0.88    0.44%
.....*.*****.***.***          0.88    0.44%
.....*....*.....**.*          0.86    0.43%
..*****.*******.....          0.86    0.43%
......**.*.**.......          0.86    0.43%
......**.*.**..*..**          0.86    0.43%
.......*********.***          0.83    0.42%
.....**...***...**.*          0.83    0.42%
.....**.*.*.....**.*          0.83    0.42%
...........*.*.*.**.          0.83    0.42%
...........**.....**          0.83    0.42%
.......*...*..**.***          0.83    0.42%
.....**.***.*..***..          0.83    0.42%
.....***.***..*****.          0.83    0.42%
..**********..*****.          0.83    0.42%
.....**...*...*....*          0.83    0.42%
.....***..**..******          0.83    0.42%
..****..*.***..*....          0.82    0.41%
.......*.....**.....          0.81    0.40%
......**.*.*......*.          0.80    0.40%
.....*..*.*...*.**..          0.79    0.39%
.....**.......*.....          0.78    0.39%
........**......*..*          0.78    0.39%
.....**...*.*..*****          0.78    0.39%
........**..*.*.....          0.75    0.38%
......*.**..*.*.....          0.75    0.38%
.....********.*..*..          0.75    0.38%
..******..*..**.**..          0.75    0.38%
..****************..          0.75    0.38%
..***********..****.          0.75    0.38%
.....**********.***.          0.75    0.38%
.....**.....*...*...          0.75    0.38%
.....*.........*..**          0.75    0.38%
..****.*******.*****          0.74    0.37%
..*****.*****.*.....          0.71    0.36%
...........**......*          0.70    0.35%
.....**********.**.*          0.70    0.35%
..***......*.*.*..**          0.69    0.34%
........***.*...**..          0.69    0.34%
..***..*******.*****          0.67    0.33%
.......*...*****..**          0.67    0.33%
.......*...*********          0.67    0.33%
...........**.**.***          0.67    0.33%
..***........*..*...          0.67    0.33%
..***........**.*...          0.67    0.33%
..*****.*.*..**.*...          0.67    0.33%
..*****.*.**.**.*...          0.67    0.33%
..**********.**.*...          0.67    0.33%
...*.********.******          0.67    0.33%
..**.********.******          0.67    0.33%
.......***.**..*.**.          0.67    0.33%
.......***.***.*.**.          0.67    0.33%
..*****...*...*.*...          0.67    0.33%
......**.*.*****..**          0.67    0.33%
.......*.*.*.**...**          0.67    0.33%
.....**.*.*.*..*...*          0.67    0.33%
..............*.*...          0.67    0.33%
..........**..*.**..          0.67    0.33%
.......**.*.........          0.67    0.33%
.......****..**.....          0.67    0.33%
...........**..*.***          0.67    0.33%
.....**....**..*****          0.67    0.33%
.....*.***.**..*..**          0.67    0.33%
.....*..*****...**..          0.67    0.33%
...............*.***          0.67    0.33%
.....****.***.******          0.67    0.33%
..***..***..**..*...          0.67    0.33%
.....********..****.          0.67    0.33%
.......*...*..*...**          0.67    0.33%
.....*..***.*..***..          0.67    0.33%
.......*...*...****.          0.67    0.33%
..*****.*******.****          0.67    0.33%
.......*....*...*...          0.67    0.33%
........**..***.....          0.67    0.33%
.....**...*.....*..*          0.67    0.33%
.....**...*.....*.**          0.67    0.33%
.....**...*....**.**          0.67    0.33%
.....***..**...*****          0.67    0.33%
..****....**.**.**..          0.67    0.33%
..****..*.*****.**..          0.67    0.33%
.....**.*****...*...          0.67    0.33%
.......*.*.*..*...**          0.64    0.32%
.....******.*.******          0.62    0.31%
.........*..*...*...          0.62    0.31%
.....*..*.**........          0.62    0.31%
.....*.*****.***..**          0.62    0.31%
.....*.*****.*******          0.62    0.31%
...........****.....          0.62    0.31%
.....******...*....*          0.62    0.31%
.......*.......*.**.          0.61    0.31%
.....**...*....***..          0.61    0.31%
.....**.*.***..*...*          0.60    0.30%
.....**...**.******.          0.60    0.30%
.....******.*.*.....          0.58    0.29%
..*****...**.*.*****          0.58    0.29%
.....**.........**..          0.58    0.29%
..*****.*****...**..          0.58    0.29%
.....*..*.*..**.**..          0.57    0.29%
......**.*.**..*....          0.57    0.29%
..***......*.*.*..*.          0.56    0.28%
..***..*...*........          0.56    0.28%
..***......***......          0.56    0.28%
..******.***.**.****          0.56    0.28%
.........*...*.....*          0.56    0.28%
..*****......**.....          0.56    0.28%
.....*..*****.******          0.56    0.28%
..****..*.****.***..          0.55    0.27%
.....***..*...*.**..          0.54    0.27%
...........*****.***          0.53    0.27%
..***..***..***.....          0.53    0.27%
.......***..***.....          0.53    0.27%
........*..**.*.....          0.50    0.25%
.....**.*****.*.....          0.50    0.25%
.......*......**.**.          0.50    0.25%
.......*...*..**.**.          0.50    0.25%
..*****.***..*......          0.50    0.25%
.....*....**...***..          0.50    0.25%
.....*******..*.....          0.50    0.25%
.....*******..*..*..          0.50    0.25%
.....********.**.***          0.50    0.25%
..***.........*..*..          0.50    0.25%
..***..***.**..*..*.          0.50    0.25%
..***..***.**.......          0.50    0.25%
..***..********.**..          0.50    0.25%
.....*.**...........          0.50    0.25%
......*...*...*..*..          0.50    0.25%
.......*.....*.****.          0.50    0.25%
........*.*.*.*.....          0.50    0.25%
.........*...*..*...          0.50    0.25%
......*..*.***.*****          0.50    0.25%
.........*.**....*..          0.50    0.25%
.........*.**..*.***          0.50    0.25%
........**..*..**.**          0.50    0.25%
.....**.***.**.***.*          0.50    0.25%
.....**.***.**.*****          0.50    0.25%
.....*******..*.**..          0.50    0.25%
.....******...*..*..          0.50    0.25%
..*****...*..**.**.*          0.50    0.25%
..*****.*.*.******..          0.50    0.25%
.....**.***.**..*...          0.50    0.25%
........*.*.*...*..*          0.50    0.25%
.....***.*.*.***.**.          0.50    0.25%
.....*.****..**.*...          0.50    0.25%
.....*.****..**.**..          0.50    0.25%
.....*.********.*...          0.50    0.25%
.......*.*.*..**.***          0.50    0.25%
.....**.*.*.*..**...          0.50    0.25%
.....*.......**.*...          0.50    0.25%
.....**......**.*...          0.50    0.25%
.....**...*..**.*...          0.50    0.25%
..****.****.***.**..          0.50    0.25%
.....*..***.*......*          0.50    0.25%
.......*......*..*..          0.50    0.25%
..***..*.....**.**..          0.50    0.25%
..***..*...*.******.          0.50    0.25%
..***...**.***.*..**          0.50    0.25%
.........*..*...*..*          0.50    0.25%
.........*.....*..**          0.50    0.25%
.....**.***.....**..          0.50    0.25%
.....**.****...****.          0.50    0.25%
.....**.****...*****          0.50    0.25%
............**......          0.50    0.25%
.......****.***.....          0.50    0.25%
.....******.***.*...          0.50    0.25%
........*..**..*....          0.50    0.25%
.....**.*.***.*.**.*          0.50    0.25%
.....**.***.*.****..          0.50    0.25%
........**.**.....*.          0.50    0.25%
.....*.*..*...*.....          0.50    0.25%
.......*........*..*          0.50    0.25%
.....**...*..**..*..          0.50    0.25%
........**..***.*..*          0.50    0.25%
......*...**.....*..          0.50    0.25%
......*.*******.**.*          0.50    0.25%
..***...**..*.......          0.50    0.25%
.....*..*.......*..*          0.50    0.25%
.....*..*......**.**          0.50    0.25%
.....*..*.......*...          0.50    0.25%
.....**.*.**...*****          0.50    0.25%
........**.*......**          0.50    0.25%
........**.*.*....**          0.50    0.25%
........**.*.*.*..**          0.50    0.25%
........**.*.*.*.***          0.50    0.25%
.......*...*.***.***          0.50    0.25%
..*****....*.**.*...          0.50    0.25%
..*****.*****.**...*          0.50    0.25%
........*****...**..          0.50    0.25%
..***...***.*...*...          0.50    0.25%
..***...***.*...**..          0.50    0.25%
..***...*****...**..          0.50    0.25%
...........*..*...*.          0.50    0.25%
..*****.****..*.....          0.50    0.25%
..........*.*.......          0.50    0.25%
.....**....*.**.**..          0.50    0.25%
..***......*.**.....          0.50    0.25%
........**......*...          0.50    0.25%
......*.***.....*...          0.50    0.25%
..............*....*          0.50    0.25%
.....*....*...*....*          0.50    0.25%
.....***..*...*....*          0.50    0.25%
.......*.....**.**..          0.50    0.25%
.......*.....**.**.*          0.50    0.25%
.......*.....**.****          0.50    0.25%
.......*.....*******          0.50    0.25%
.......*...*.*******          0.50    0.25%
.......***..**.*....          0.50    0.25%
...........*....*.*.          0.50    0.25%
......*...*......*.*          0.50    0.25%
.....**...*...*..*.*          0.50    0.25%
.....**...**..*.****          0.50    0.25%
............**.*....          0.50    0.25%
.......*.*.*......*.          0.50    0.25%
.......*.*.*....***.          0.50    0.25%
.......*.*.***.****.          0.50    0.25%
.....*********.****.          0.50    0.25%
..***....*.***.****.          0.50    0.25%
..***..........*..*.          0.50    0.25%
..*****.*.*....*..*.          0.50    0.25%
..*****.*.***..*..*.          0.50    0.25%
..*****.*.***..*..**          0.50    0.25%
..*****.*.****.*****          0.50    0.25%
............*..*.***          0.50    0.25%
.......*.*.**.**.***          0.50    0.25%
........**..**.*....          0.50    0.25%
..***..*...*..*...**          0.50    0.25%
..***..***.*****..**          0.50    0.25%
..***......***.*..**          0.50    0.25%
..***..***.***.*..**          0.50    0.25%
........*..*...*..**          0.50    0.25%
.....***.**.*.*.**..          0.50    0.25%
.......*.*.**..*....          0.50    0.25%
.......*.*.**..*****          0.50    0.25%
.......*.*.*.**.****          0.50    0.25%
.....**.*.*.*..*....          0.50    0.25%
.........*..*......*          0.50    0.25%
.....****.**..*.**..          0.50    0.25%
.....****.**..*****.          0.50    0.25%
........**....*.....          0.50    0.25%
.....**.***.*.*.*...          0.50    0.25%
.....**.***.*.*.**..          0.50    0.25%
.....**.*****.****..          0.50    0.25%
.....**...**...***..          0.50    0.25%
...........*.*.*..*.          0.48    0.24%
.......*.*.*.***..**          0.46    0.23%
..*****...*..**.****          0.44    0.22%
........**.**..*****          0.44    0.22%
.....**...**..*.***.          0.44    0.22%
..***......*.*......          0.44    0.22%
..***...**.***.**.**          0.44    0.22%
..***..***.***.**.**          0.44    0.22%
..***...**..**..*..*          0.44    0.22%
.....*..***.*...**..          0.44    0.22%
.....**.*.*****.**..          0.43    0.22%
.....*.........**.*.          0.43    0.21%
.....*.******..**.*.          0.43    0.21%
.....*.************.          0.43    0.21%
.....*..*.*.*.*.**..          0.43    0.21%
.....**.*.****.*****          0.43    0.21%
.....**...**.*..****          0.43    0.21%
.....***.***.**.****          0.43    0.21%
.....**.*****.**.***          0.43    0.21%
.....**...*......*.*          0.43    0.21%
.....**...*..*..**.*          0.43    0.21%
.....*..**.**...*...          0.42    0.21%
.......***...**.....          0.41    0.20%
.....**...**....****          0.40    0.20%
...........*.*.****.          0.40    0.20%
.......***..*......*          0.40    0.20%
.....******.*..*****          0.40    0.20%
.......***..*..*..*.          0.40    0.20%
..***..***..****..*.          0.40    0.20%
.....**......**.**..          0.40    0.20%
.....**...**.**.**..          0.40    0.20%
.....**...*..*..**..          0.39    0.20%
..***...**.***......          0.39    0.20%
...........*...*****          0.38    0.19%
.......*.*..*..**.**          0.38    0.19%
.....*.****.*..**.**          0.38    0.19%
.....*..***.*...*...          0.38    0.19%
.......*.*.*.***.***          0.38    0.19%
.....*..**..*.......          0.38    0.19%
..***.*...*.....**..          0.38    0.19%
..***.*...*..*.*****          0.38    0.19%
.......***.*..*.....          0.37    0.19%
...........**..*..*.          0.37    0.18%
.......*.*..****....          0.36    0.18%
..****..*****..*****          0.34    0.17%
.....*....*....*.***          0.33    0.17%
.....*.*..******.***          0.33    0.17%
.....***.**...*.****          0.33    0.17%
.....***.***..*.****          0.33    0.17%
.....***.****.******          0.33    0.17%
..******.**..**.****          0.33    0.17%
..............**.**.          0.33    0.17%
............*.**.***          0.33    0.17%
............****.***          0.33    0.17%
........****........          0.33    0.17%
........********.***          0.33    0.17%
.....***.**..**.**..          0.33    0.17%
.....**.*.***..*....          0.33    0.17%
.....**.*.***..***..          0.33    0.17%
.....**.*.*.....****          0.33    0.17%
..******..*...*.....          0.33    0.17%
..******..*...*.**..          0.33    0.17%
........**.***.*..**          0.33    0.17%
...........*.....**.          0.33    0.17%
........**..*..**..*          0.33    0.17%
..***.*......**.*...          0.33    0.17%
..****..*.*..**.*...          0.33    0.17%
............*..*.**.          0.33    0.17%
.......*....*..*.**.          0.33    0.17%
.....**.****..*.....          0.33    0.17%
.....********.**.**.          0.33    0.17%
.......***.**.***.**          0.33    0.17%
.......***.**.******          0.33    0.17%
.....*****.**.******          0.33    0.17%
..........*..**..*..          0.33    0.17%
.......***..*...*..*          0.33    0.17%
..****..******..**..          0.33    0.17%
.....******.*.****..          0.33    0.17%
......**.*....*.....          0.33    0.17%
.......*.*...***..**          0.33    0.17%
.....**.*.*.***.**..          0.33    0.17%
.....**.*.**********          0.33    0.17%
.....*******..*.****          0.33    0.17%
.....*.****.....**..          0.33    0.17%
..******.***..*****.          0.33    0.17%
...........*..*.**..          0.33    0.17%
.....*..*****....*..          0.33    0.17%
.....*..******..**..          0.33    0.17%
.....*..*****..*.***          0.33    0.17%
.....**.*.*...*.**.*          0.33    0.17%
.......**...*.......          0.33    0.17%
.......***.*********          0.33    0.17%
.....******...*.****          0.33    0.17%
.......*.*....*..*..          0.33    0.17%
.......*.*....*.**..          0.33    0.17%
..***..***..*.......          0.33    0.17%
.....**...*...**.***          0.33    0.17%
.....*....*....****.          0.33    0.17%
.....**.*.***..****.          0.33    0.17%
..***..............*          0.33    0.17%
.....*.********.....          0.33    0.17%
.....**********.....          0.33    0.17%
.....*....*....*****          0.33    0.17%
..***.....*.....**..          0.33    0.17%
..******.....**.**..          0.33    0.17%
..*****.*******.*...          0.33    0.17%
.........*..*.**...*          0.33    0.17%
.........*..*.****.*          0.33    0.17%
......*..*.**.******          0.33    0.17%
.........*.**.**..**          0.33    0.17%
.........*..***....*          0.33    0.17%
.........*..***.**.*          0.33    0.17%
.........*..***.****          0.33    0.17%
.........*..********          0.33    0.17%
..*****...*..*******          0.33    0.17%
.....*..**......*...          0.33    0.17%
.....*.***.**...*...          0.33    0.17%
.....*.******...**..          0.33    0.17%
.....*.******.*.**..          0.33    0.17%
..***.....**.**..*..          0.33    0.17%
..***.....**.***.**.          0.33    0.17%
.....*.****.*...**..          0.33    0.17%
.....********.*.**.*          0.33    0.17%
.....**...*...*.*..*          0.33    0.17%
.....**...*...*.*.**          0.33    0.17%
.....**...*...***.**          0.33    0.17%
.....*....**.**.**..          0.33    0.17%
..****....*..**.**..          0.33    0.17%
........*...***.....          0.33    0.17%
..***..*.*.*........          0.33    0.17%
.............**....*          0.33    0.17%
.............***.**.          0.33    0.16%
..***........*.....*          0.31    0.16%
..*****.***.**..**..          0.31    0.16%
.....**...**.*.*****          0.31    0.15%
.....***..*...******          0.30    0.15%
.....*..*.*.*.*.**.*          0.30    0.15%
.....*..*.*.******.*          0.30    0.15%
.............*.*.*..          0.30    0.15%
......**.*.*.*.*.**.          0.30    0.15%
............********          0.30    0.15%
.........*........**          0.29    0.15%
.....**.*.*.*..***.*          0.29    0.14%
........**...*......          0.29    0.14%
........**.***......          0.29    0.14%
...........*****..**          0.29    0.14%
......**.*.**.....**          0.29    0.14%
.....**.*****.**.**.          0.29    0.14%
.......*...*..**..*.          0.29    0.14%
.........*...*....**          0.27    0.14%
......*.**..*.*...*.          0.25    0.13%
......****..*.*.....          0.25    0.13%
......****..*.*...*.          0.25    0.13%
.....*....**....***.          0.25    0.13%
..****....**.*.****.          0.25    0.13%
..*****...**.*.****.          0.25    0.13%
.....****.*...*.....          0.25    0.13%
.......*.*..*..*..**          0.25    0.13%
.....*.******..**.**          0.25    0.13%
......*......*..**..          0.25    0.13%
..****....*..*..**..          0.25    0.13%
.....**...***..***..          0.25    0.13%
.....**...***...****          0.25    0.13%
...........*...*.***          0.25    0.13%
.....****.****.****.          0.25    0.13%
.......*.*...******.          0.25    0.13%
.........*.*...*..*.          0.25    0.13%
........*.*.***.....          0.25    0.13%
........********..*.          0.25    0.13%
........***********.          0.25    0.13%
.....**.***********.          0.25    0.13%
.....**....*....**..          0.25    0.13%
.....**....*...****.          0.25    0.13%
.....**.*.***.*****.          0.25    0.13%
.............*....**          0.25    0.13%
.....**...*..*..****          0.25    0.13%
.....**...*..*.*****          0.25    0.13%
........*.....*.....          0.25    0.13%
.....***.**.....**..          0.25    0.13%
.....***.**....****.          0.25    0.13%
.....***.**..*.****.          0.25    0.13%
..******.**..*.****.          0.25    0.13%
..******.**..*.*****          0.25    0.13%
..***********.**..**          0.25    0.13%
..***..*...*..*.**..          0.25    0.13%
..***.**...**..*..**          0.25    0.13%
..***.**...**..*****          0.25    0.13%
.....*.......**.**..          0.25    0.13%
.....**...**....***.          0.25    0.13%
.......*.*...***.***          0.25    0.13%
.....*******.***.***          0.25    0.13%
.....*..****........          0.25    0.13%
.....*..****.......*          0.25    0.13%
.......*.....***..*.          0.25    0.13%
........**..*...**..          0.25    0.13%
..***...*******.**..          0.25    0.13%
..***...***********.          0.25    0.13%
..*****.******.****.          0.25    0.13%
..****.*******.****.          0.25    0.13%
......*............*          0.25    0.13%
.....*......*...*...          0.25    0.13%
.....*..*..**.......          0.25    0.13%
..****..*****...**..          0.25    0.13%
........**.***.....*          0.22    0.11%
.......***..**.....*          0.22    0.11%
.....**.......*.*...          0.22    0.11%
.......******....*..          0.22    0.11%
..*****......*..*...          0.22    0.11%
..*****...*..**.....          0.22    0.11%
.....*....*...*.*...          0.22    0.11%
......*.........*...          0.21    0.10%
..***.*...*..*..**..          0.21    0.10%
..***.*...*..*..****          0.21    0.10%
.....*************.*          0.20    0.10%
.....*........*..*..          0.20    0.10%
.....*.......***.*..          0.20    0.10%
.....**...*....***.*          0.20    0.10%
..***..***..***.**..          0.20    0.10%
..*********.***.**.*          0.20    0.10%
.....******.*...**.*          0.20    0.10%
................*.**          0.20    0.10%
............*****.**          0.20    0.10%
...........******.**          0.20    0.10%
............******..          0.20    0.10%
............*.*.*...          0.20    0.10%
............*.*.**..          0.20    0.10%
.............***.*..          0.20    0.10%
..*****.........*...          0.20    0.10%
..*****.*.*.....*...          0.20    0.10%
.....**....*.*******          0.20    0.10%
..*****....*.*******          0.20    0.10%
..*****....*.**.**..          0.20    0.10%
..........**.**.**..          0.20    0.10%
........***.*...**.*          0.19    0.09%
..***..***.*..*.....          0.19    0.09%
..****..*.****.****.          0.18    0.09%
..****..******.***..          0.18    0.09%
..****..*.***..***..          0.18    0.09%
.....***..*...*..*..          0.18    0.09%
..****....*.....**..          0.17    0.08%
..*****...*.....**..          0.17    0.08%
..*****.***.....**..          0.17    0.08%
..*****.***..**.**..          0.17    0.08%
...........*.*.*..**          0.17    0.08%
...........***.*..**          0.17    0.08%
...........***.*.***          0.17    0.08%
........**.***.*.***          0.17    0.08%
........**..**.**..*          0.17    0.08%
........**..*...**.*          0.17    0.08%
........**..*..***.*          0.17    0.08%
.....**..........*..          0.17    0.08%
.....**.******..****          0.17    0.08%
.....*.**.*...*.**..          0.17    0.08%
.....****.*...*.**..          0.17    0.08%
.....**.*.*.*..***..          0.17    0.08%
...........*..**..**          0.17    0.08%
.....**.*.**..******          0.17    0.08%
.....**.****..******          0.17    0.08%
.....**.**.**.......          0.17    0.08%
..***.*...*..*.***..          0.17    0.08%
.....*....*....***..          0.17    0.08%
.....*....**...*****          0.17    0.08%
.....*....**.*.*****          0.17    0.08%
.....**...**.*******          0.17    0.08%
.....*.*****..*****.          0.17    0.08%
.......*.......****.          0.17    0.08%
......**...*...****.          0.17    0.08%
.....****.**...****.          0.17    0.08%
.....*.**...*...*...          0.17    0.08%
.........*....*.**..          0.17    0.08%
.....******.***.....          0.15    0.08%
.....******.*.*....*          0.15    0.08%
.....*.*.*.**..**.*.          0.14    0.07%
.......******.......          0.14    0.07%
.....*..*.*....**.*.          0.14    0.07%
.....*..*.**********          0.14    0.07%
.......***.**.**..**          0.14    0.07%
.....*..*.*..**.****          0.14    0.07%
.....******..**.****          0.14    0.07%
........**.**.**..*.          0.14    0.07%
..***...**.**.*.....          0.14    0.07%
..***...**.****.....          0.14    0.07%
..***...**.****.*...          0.14    0.07%
............*..**.**          0.12    0.06%
.......*.*.*...*....          0.12    0.06%
.......*.*.*.*******          0.12    0.06%
.....*..*.**...*..**          0.12    0.06%
.....*.*****.**.....          0.12    0.06%
.............***.***          0.12    0.06%
.....*.*****.......*          0.12    0.06%
.....*.*****...*..**          0.12    0.06%
.....*..****...*..**          0.12    0.06%
.......*.....***.**.          0.12    0.06%
.......*.....***.***          0.12    0.06%
......*........**.**          0.12    0.06%
..***.....*..*..**..          0.12    0.06%
..***...******.*****          0.12    0.06%
.........*.*......**          0.11    0.06%
.....***..*.*.*.**..          0.11    0.06%
..***........*.*....          0.11    0.06%
..******..*.******..          0.11    0.06%
..*****...*..*..****          0.11    0.06%
..***...**..**.....*          0.11    0.06%
..******..**..*****.          0.11    0.06%
.......*...*...*.**.          0.11    0.06%
..*****.***.***.*..*          0.11    0.06%
..*****......*......          0.11    0.06%
........**.****.*..*          0.11    0.06%
.....***..*.........          0.11    0.06%
..*****...*..**.***.          0.11    0.06%
........**.**..*.***          0.11    0.06%
..****....*...*.*...          0.11    0.06%
..****....*...*.**..          0.11    0.06%
..****..*****.******          0.11    0.06%
..*****.*****.******          0.11    0.06%
.......*...*.....*..          0.10    0.05%
......*.***.*...*...          0.10    0.05%
.....**.***.*.*.*..*          0.10    0.05%
.....**.***.***.*..*          0.10    0.05%
......*******...*...          0.10    0.05%
.....********.*.*..*          0.10    0.05%
.....**********.*..*          0.10    0.05%
............***.*...          0.10    0.05%
.......****.*.......          0.10    0.05%
...........*.**.**..          0.10    0.05%
............****..**          0.10    0.05%
..****.****.........          0.09    0.05%
..****.****.....**..          0.09    0.05%
..****.******..*****          0.09    0.05%
..****..*.****.*****          0.09    0.05%
..****..*****..*..**          0.09    0.05%
.......*........**..          0.09    0.05%
..****.**.***..***..          0.09    0.05%
.........*.***.*..**          0.09    0.05%
..****..*.*.....**..          0.09    0.05%
.......*.*.****...**          0.09    0.05%
..*****.*****...****          0.08    0.04%
..*****.******.***..          0.08    0.04%
.....**.**.**...*...          0.08    0.04%
..***.*...*......*..          0.08    0.04%
.....*..*.*...*....*          0.08    0.04%
.....**.*.*...*....*          0.08    0.04%
.....**.***........*          0.08    0.04%
...........*....****          0.08    0.04%
..***..***.**.*.....          0.07    0.04%
........*****..*****          0.06    0.03%
..****.....*.*.*..*.          0.06    0.03%
..****..***.**..**.*          0.06    0.03%
..***........*...*..          0.06    0.03%
..***..*...**.......          0.06    0.03%
..***..*...***......          0.06    0.03%
..***..***.***......          0.06    0.03%
..***......**.......          0.06    0.03%
........**.*........          0.06    0.03%
..***.*.******.*****          0.06    0.03%
......*...*..*..**..          0.04    0.02%
......*...*..*..****          0.04    0.02%
......*...*..*.*****          0.04    0.02%
..****..**.**.......          0.04    0.02%
..***.*...*.........          0.04    0.02%
..***.*...*.....*...          0.04    0.02%

Consensus tree(s) written to treefile: ~/EEOB563/EEOB563Lab2/bootMajRule.tre

paup> log stop
